{"/Users/adampeterson/Github/shelterluv/services/webapp-react/src/components/CaseManagerQuickFilter.jsx": {"path":"/Users/adampeterson/Github/shelterluv/services/webapp-react/src/components/CaseManagerQuickFilter.jsx","statementMap":{"0":{"start":{"line":11,"column":23},"end":{"line":14,"column":null}},"1":{"start":{"line":12,"column":18},"end":{"line":12,"column":null}},"2":{"start":{"line":13,"column":4},"end":{"line":13,"column":null}},"3":{"start":{"line":16,"column":2},"end":{"line":28,"column":null}},"4":{"start":{"line":25,"column":10},"end":{"line":25,"column":null}},"5":{"start":{"line":32,"column":0},"end":{"line":36,"column":null}}},"fnMap":{"0":{"name":"CaseManagerQuickFilter","decl":{"start":{"line":10,"column":9},"end":{"line":10,"column":32}},"loc":{"start":{"line":10,"column":102},"end":{"line":30,"column":null}},"line":10},"1":{"name":"(anonymous_1)","decl":{"start":{"line":11,"column":23},"end":{"line":11,"column":24}},"loc":{"start":{"line":11,"column":30},"end":{"line":14,"column":null}},"line":11},"2":{"name":"(anonymous_2)","decl":{"start":{"line":24,"column":35},"end":{"line":24,"column":null}},"loc":{"start":{"line":25,"column":10},"end":{"line":25,"column":null}},"line":25}},"branchMap":{"0":{"loc":{"start":{"line":13,"column":24},"end":{"line":13,"column":44}},"type":"cond-expr","locations":[{"start":{"line":13,"column":32},"end":{"line":13,"column":42}},{"start":{"line":13,"column":42},"end":{"line":13,"column":44}}],"line":13},"1":{"loc":{"start":{"line":20,"column":15},"end":{"line":20,"column":null}},"type":"binary-expr","locations":[{"start":{"line":20,"column":15},"end":{"line":20,"column":44}},{"start":{"line":20,"column":44},"end":{"line":20,"column":null}}],"line":20}},"s":{"0":10,"1":3,"2":3,"3":10,"4":27,"5":1},"f":{"0":10,"1":3,"2":27},"b":{"0":[2,1],"1":[10,7]},"meta":{"lastBranch":2,"lastFunction":3,"lastStatement":6,"seen":{"f:10:9:10:32":0,"s:11:23:14:Infinity":0,"f:11:23:11:24":1,"s:12:18:12:Infinity":1,"s:13:4:13:Infinity":2,"b:13:32:13:42:13:42:13:44":0,"s:16:2:28:Infinity":3,"b:20:15:20:44:20:44:20:Infinity":1,"f:24:35:24:Infinity":2,"s:25:10:25:Infinity":4,"s:32:0:36:Infinity":5}}}
,"/Users/adampeterson/Github/shelterluv/services/webapp-react/src/components/DogCard.jsx": {"path":"/Users/adampeterson/Github/shelterluv/services/webapp-react/src/components/DogCard.jsx","statementMap":{"0":{"start":{"line":18,"column":8},"end":{"line":18,"column":null}},"1":{"start":{"line":21,"column":25},"end":{"line":23,"column":null}},"2":{"start":{"line":22,"column":4},"end":{"line":22,"column":null}},"3":{"start":{"line":25,"column":22},"end":{"line":25,"column":null}},"4":{"start":{"line":27,"column":2},"end":{"line":67,"column":null}},"5":{"start":{"line":71,"column":0},"end":{"line":87,"column":null}}},"fnMap":{"0":{"name":"DogCard","decl":{"start":{"line":17,"column":16},"end":{"line":17,"column":24}},"loc":{"start":{"line":17,"column":76},"end":{"line":69,"column":null}},"line":17},"1":{"name":"(anonymous_1)","decl":{"start":{"line":21,"column":25},"end":{"line":21,"column":31}},"loc":{"start":{"line":21,"column":31},"end":{"line":23,"column":null}},"line":21}},"branchMap":{"0":{"loc":{"start":{"line":17,"column":31},"end":{"line":17,"column":50}},"type":"default-arg","locations":[{"start":{"line":17,"column":44},"end":{"line":17,"column":50}}],"line":17},"1":{"loc":{"start":{"line":17,"column":50},"end":{"line":17,"column":73}},"type":"default-arg","locations":[{"start":{"line":17,"column":68},"end":{"line":17,"column":73}}],"line":17},"2":{"loc":{"start":{"line":18,"column":8},"end":{"line":18,"column":null}},"type":"binary-expr","locations":[{"start":{"line":18,"column":8},"end":{"line":18,"column":43}},{"start":{"line":18,"column":43},"end":{"line":18,"column":null}}],"line":18},"3":{"loc":{"start":{"line":40,"column":11},"end":{"line":40,"column":null}},"type":"binary-expr","locations":[{"start":{"line":40,"column":11},"end":{"line":40,"column":24}},{"start":{"line":40,"column":24},"end":{"line":40,"column":null}}],"line":40},"4":{"loc":{"start":{"line":43,"column":13},"end":{"line":43,"column":null}},"type":"binary-expr","locations":[{"start":{"line":43,"column":13},"end":{"line":43,"column":31}},{"start":{"line":43,"column":31},"end":{"line":43,"column":null}}],"line":43},"5":{"loc":{"start":{"line":44,"column":13},"end":{"line":44,"column":null}},"type":"binary-expr","locations":[{"start":{"line":44,"column":13},"end":{"line":44,"column":25}},{"start":{"line":44,"column":25},"end":{"line":44,"column":null}}],"line":44},"6":{"loc":{"start":{"line":45,"column":13},"end":{"line":45,"column":null}},"type":"binary-expr","locations":[{"start":{"line":45,"column":13},"end":{"line":45,"column":27}},{"start":{"line":45,"column":27},"end":{"line":45,"column":null}}],"line":45},"7":{"loc":{"start":{"line":46,"column":13},"end":{"line":46,"column":null}},"type":"binary-expr","locations":[{"start":{"line":46,"column":13},"end":{"line":46,"column":27}},{"start":{"line":46,"column":27},"end":{"line":46,"column":null}}],"line":46},"8":{"loc":{"start":{"line":50,"column":9},"end":{"line":54,"column":null}},"type":"binary-expr","locations":[{"start":{"line":50,"column":9},"end":{"line":50,"column":28}},{"start":{"line":50,"column":28},"end":{"line":50,"column":null}},{"start":{"line":51,"column":10},"end":{"line":54,"column":null}}],"line":50},"9":{"loc":{"start":{"line":57,"column":9},"end":{"line":64,"column":null}},"type":"binary-expr","locations":[{"start":{"line":57,"column":9},"end":{"line":57,"column":23}},{"start":{"line":57,"column":23},"end":{"line":57,"column":null}},{"start":{"line":58,"column":10},"end":{"line":64,"column":null}}],"line":57}},"s":{"0":8,"1":8,"2":8,"3":8,"4":8,"5":1},"f":{"0":8,"1":8},"b":{"0":[8],"1":[8],"2":[8,1],"3":[8,7],"4":[8,7],"5":[8,7],"6":[8,7],"7":[8,7],"8":[8,7,6],"9":[8,7,5]},"meta":{"lastBranch":10,"lastFunction":2,"lastStatement":6,"seen":{"f:17:16:17:24":0,"b:17:44:17:50":0,"b:17:68:17:73":1,"s:18:8:18:Infinity":0,"b:18:8:18:43:18:43:18:Infinity":2,"s:21:25:23:Infinity":1,"f:21:25:21:31":1,"s:22:4:22:Infinity":2,"s:25:22:25:Infinity":3,"s:27:2:67:Infinity":4,"b:40:11:40:24:40:24:40:Infinity":3,"b:43:13:43:31:43:31:43:Infinity":4,"b:44:13:44:25:44:25:44:Infinity":5,"b:45:13:45:27:45:27:45:Infinity":6,"b:46:13:46:27:46:27:46:Infinity":7,"b:50:9:50:28:50:28:50:Infinity:51:10:54:Infinity":8,"b:57:9:57:23:57:23:57:Infinity:58:10:64:Infinity":9,"s:71:0:87:Infinity":5}}}
,"/Users/adampeterson/Github/shelterluv/services/webapp-react/src/components/EmptyState.jsx": {"path":"/Users/adampeterson/Github/shelterluv/services/webapp-react/src/components/EmptyState.jsx","statementMap":{"0":{"start":{"line":11,"column":2},"end":{"line":22,"column":null}},"1":{"start":{"line":17,"column":25},"end":{"line":17,"column":null}},"2":{"start":{"line":26,"column":0},"end":{"line":29,"column":null}}},"fnMap":{"0":{"name":"EmptyState","decl":{"start":{"line":10,"column":9},"end":{"line":10,"column":20}},"loc":{"start":{"line":10,"column":59},"end":{"line":24,"column":null}},"line":10},"1":{"name":"(anonymous_1)","decl":{"start":{"line":17,"column":19},"end":{"line":17,"column":25}},"loc":{"start":{"line":17,"column":25},"end":{"line":17,"column":null}},"line":17}},"branchMap":{"0":{"loc":{"start":{"line":14,"column":7},"end":{"line":20,"column":null}},"type":"binary-expr","locations":[{"start":{"line":14,"column":7},"end":{"line":14,"column":null}},{"start":{"line":15,"column":8},"end":{"line":20,"column":null}}],"line":14}},"s":{"0":5,"1":1,"2":1},"f":{"0":5,"1":1},"b":{"0":[5,3]},"meta":{"lastBranch":1,"lastFunction":2,"lastStatement":3,"seen":{"f:10:9:10:20":0,"s:11:2:22:Infinity":0,"b:14:7:14:Infinity:15:8:20:Infinity":0,"f:17:19:17:25":1,"s:17:25:17:Infinity":1,"s:26:0:29:Infinity":2}}}
,"/Users/adampeterson/Github/shelterluv/services/webapp-react/src/components/FilterDrawer.reducer.js": {"path":"/Users/adampeterson/Github/shelterluv/services/webapp-react/src/components/FilterDrawer.reducer.js","statementMap":{"0":{"start":{"line":9,"column":30},"end":{"line":15,"column":1}},"1":{"start":{"line":24,"column":2},"end":{"line":24,"column":null}},"2":{"start":{"line":34,"column":2},"end":{"line":36,"column":null}},"3":{"start":{"line":35,"column":4},"end":{"line":35,"column":null}},"4":{"start":{"line":38,"column":2},"end":{"line":107,"column":null}},"5":{"start":{"line":40,"column":46},"end":{"line":40,"column":60}},"6":{"start":{"line":41,"column":27},"end":{"line":41,"column":51}},"7":{"start":{"line":43,"column":6},"end":{"line":57,"column":null}},"8":{"start":{"line":45,"column":8},"end":{"line":50,"column":null}},"9":{"start":{"line":53,"column":8},"end":{"line":56,"column":null}},"10":{"start":{"line":55,"column":50},"end":{"line":55,"column":61}},"11":{"start":{"line":61,"column":37},"end":{"line":61,"column":51}},"12":{"start":{"line":62,"column":6},"end":{"line":65,"column":null}},"13":{"start":{"line":69,"column":30},"end":{"line":69,"column":44}},"14":{"start":{"line":70,"column":27},"end":{"line":70,"column":45}},"15":{"start":{"line":74,"column":6},"end":{"line":80,"column":null}},"16":{"start":{"line":75,"column":8},"end":{"line":75,"column":25}},"17":{"start":{"line":76,"column":13},"end":{"line":80,"column":null}},"18":{"start":{"line":77,"column":8},"end":{"line":77,"column":26}},"19":{"start":{"line":79,"column":8},"end":{"line":79,"column":25}},"20":{"start":{"line":82,"column":6},"end":{"line":85,"column":null}},"21":{"start":{"line":90,"column":6},"end":{"line":97,"column":null}},"22":{"start":{"line":102,"column":6},"end":{"line":102,"column":null}},"23":{"start":{"line":106,"column":6},"end":{"line":106,"column":null}}},"fnMap":{"0":{"name":"createFilterAction","decl":{"start":{"line":23,"column":16},"end":{"line":23,"column":34}},"loc":{"start":{"line":23,"column":50},"end":{"line":25,"column":null}},"line":23},"1":{"name":"filterReducer","decl":{"start":{"line":33,"column":16},"end":{"line":33,"column":29}},"loc":{"start":{"line":33,"column":45},"end":{"line":108,"column":null}},"line":33},"2":{"name":"(anonymous_2)","decl":{"start":{"line":55,"column":45},"end":{"line":55,"column":46}},"loc":{"start":{"line":55,"column":50},"end":{"line":55,"column":61}},"line":55}},"branchMap":{"0":{"loc":{"start":{"line":34,"column":2},"end":{"line":36,"column":null}},"type":"if","locations":[{"start":{"line":34,"column":2},"end":{"line":36,"column":null}},{"start":{},"end":{}}],"line":34},"1":{"loc":{"start":{"line":34,"column":6},"end":{"line":34,"column":29}},"type":"binary-expr","locations":[{"start":{"line":34,"column":6},"end":{"line":34,"column":13}},{"start":{"line":34,"column":17},"end":{"line":34,"column":29}}],"line":34},"2":{"loc":{"start":{"line":38,"column":2},"end":{"line":107,"column":null}},"type":"switch","locations":[{"start":{"line":39,"column":4},"end":{"line":58,"column":null}},{"start":{"line":60,"column":4},"end":{"line":66,"column":null}},{"start":{"line":68,"column":4},"end":{"line":86,"column":null}},{"start":{"line":88,"column":4},"end":{"line":98,"column":null}},{"start":{"line":100,"column":4},"end":{"line":103,"column":null}},{"start":{"line":105,"column":4},"end":{"line":106,"column":null}}],"line":38},"3":{"loc":{"start":{"line":41,"column":27},"end":{"line":41,"column":51}},"type":"binary-expr","locations":[{"start":{"line":41,"column":27},"end":{"line":41,"column":45}},{"start":{"line":41,"column":49},"end":{"line":41,"column":51}}],"line":41},"4":{"loc":{"start":{"line":43,"column":6},"end":{"line":57,"column":null}},"type":"if","locations":[{"start":{"line":43,"column":6},"end":{"line":57,"column":null}},{"start":{"line":51,"column":13},"end":{"line":57,"column":null}}],"line":43},"5":{"loc":{"start":{"line":47,"column":25},"end":{"line":49,"column":null}},"type":"cond-expr","locations":[{"start":{"line":48,"column":14},"end":{"line":48,"column":null}},{"start":{"line":49,"column":14},"end":{"line":49,"column":null}}],"line":47},"6":{"loc":{"start":{"line":74,"column":6},"end":{"line":80,"column":null}},"type":"if","locations":[{"start":{"line":74,"column":6},"end":{"line":80,"column":null}},{"start":{"line":76,"column":13},"end":{"line":80,"column":null}}],"line":74},"7":{"loc":{"start":{"line":76,"column":13},"end":{"line":80,"column":null}},"type":"if","locations":[{"start":{"line":76,"column":13},"end":{"line":80,"column":null}},{"start":{"line":78,"column":13},"end":{"line":80,"column":null}}],"line":76}},"s":{"0":1,"1":14,"2":19,"3":1,"4":18,"5":8,"6":8,"7":8,"8":6,"9":2,"10":5,"11":2,"12":2,"13":4,"14":4,"15":4,"16":1,"17":3,"18":1,"19":2,"20":4,"21":2,"22":1,"23":1},"f":{"0":14,"1":19,"2":5},"b":{"0":[1,18],"1":[19,18],"2":[18,2,4,2,1,1],"3":[8,0],"4":[6,2],"5":[1,5],"6":[1,3],"7":[1,2]},"meta":{"lastBranch":8,"lastFunction":3,"lastStatement":24,"seen":{"s:9:30:15:1":0,"f:23:16:23:34":0,"s:24:2:24:Infinity":1,"f:33:16:33:29":1,"b:34:2:36:Infinity:undefined:undefined:undefined:undefined":0,"s:34:2:36:Infinity":2,"b:34:6:34:13:34:17:34:29":1,"s:35:4:35:Infinity":3,"b:39:4:58:Infinity:60:4:66:Infinity:68:4:86:Infinity:88:4:98:Infinity:100:4:103:Infinity:105:4:106:Infinity":2,"s:38:2:107:Infinity":4,"s:40:46:40:60":5,"s:41:27:41:51":6,"b:41:27:41:45:41:49:41:51":3,"b:43:6:57:Infinity:51:13:57:Infinity":4,"s:43:6:57:Infinity":7,"s:45:8:50:Infinity":8,"b:48:14:48:Infinity:49:14:49:Infinity":5,"s:53:8:56:Infinity":9,"f:55:45:55:46":2,"s:55:50:55:61":10,"s:61:37:61:51":11,"s:62:6:65:Infinity":12,"s:69:30:69:44":13,"s:70:27:70:45":14,"b:74:6:80:Infinity:76:13:80:Infinity":6,"s:74:6:80:Infinity":15,"s:75:8:75:25":16,"b:76:13:80:Infinity:78:13:80:Infinity":7,"s:76:13:80:Infinity":17,"s:77:8:77:26":18,"s:79:8:79:25":19,"s:82:6:85:Infinity":20,"s:90:6:97:Infinity":21,"s:102:6:102:Infinity":22,"s:106:6:106:Infinity":23}}}
,"/Users/adampeterson/Github/shelterluv/services/webapp-react/src/components/FosterInfoSection.jsx": {"path":"/Users/adampeterson/Github/shelterluv/services/webapp-react/src/components/FosterInfoSection.jsx","statementMap":{"0":{"start":{"line":9,"column":2},"end":{"line":11,"column":null}},"1":{"start":{"line":10,"column":4},"end":{"line":10,"column":null}},"2":{"start":{"line":13,"column":2},"end":{"line":37,"column":null}},"3":{"start":{"line":41,"column":0},"end":{"line":43,"column":null}}},"fnMap":{"0":{"name":"FosterInfoSection","decl":{"start":{"line":8,"column":9},"end":{"line":8,"column":27}},"loc":{"start":{"line":8,"column":36},"end":{"line":39,"column":null}},"line":8}},"branchMap":{"0":{"loc":{"start":{"line":9,"column":2},"end":{"line":11,"column":null}},"type":"if","locations":[{"start":{"line":9,"column":2},"end":{"line":11,"column":null}},{"start":{},"end":{}}],"line":9},"1":{"loc":{"start":{"line":21,"column":9},"end":{"line":28,"column":null}},"type":"binary-expr","locations":[{"start":{"line":21,"column":9},"end":{"line":21,"column":null}},{"start":{"line":22,"column":10},"end":{"line":28,"column":null}}],"line":21},"2":{"loc":{"start":{"line":30,"column":9},"end":{"line":34,"column":null}},"type":"binary-expr","locations":[{"start":{"line":30,"column":9},"end":{"line":30,"column":null}},{"start":{"line":31,"column":10},"end":{"line":34,"column":null}}],"line":30}},"s":{"0":6,"1":1,"2":5,"3":1},"f":{"0":6},"b":{"0":[1,5],"1":[5,3],"2":[6,3]},"meta":{"lastBranch":3,"lastFunction":1,"lastStatement":4,"seen":{"f:8:9:8:27":0,"b:9:2:11:Infinity:undefined:undefined:undefined:undefined":0,"s:9:2:11:Infinity":0,"s:10:4:10:Infinity":1,"s:13:2:37:Infinity":2,"b:21:9:21:Infinity:22:10:28:Infinity":1,"b:30:9:30:Infinity:31:10:34:Infinity":2,"s:41:0:43:Infinity":3}}}
,"/Users/adampeterson/Github/shelterluv/services/webapp-react/src/components/Header.jsx": {"path":"/Users/adampeterson/Github/shelterluv/services/webapp-react/src/components/Header.jsx","statementMap":{"0":{"start":{"line":6,"column":36},"end":{"line":6,"column":null}},"1":{"start":{"line":7,"column":30},"end":{"line":7,"column":null}},"2":{"start":{"line":9,"column":21},"end":{"line":9,"column":null}},"3":{"start":{"line":9,"column":27},"end":{"line":9,"column":null}},"4":{"start":{"line":10,"column":20},"end":{"line":10,"column":null}},"5":{"start":{"line":10,"column":26},"end":{"line":10,"column":null}},"6":{"start":{"line":12,"column":22},"end":{"line":18,"column":null}},"7":{"start":{"line":13,"column":4},"end":{"line":17,"column":null}},"8":{"start":{"line":14,"column":6},"end":{"line":14,"column":null}},"9":{"start":{"line":16,"column":6},"end":{"line":16,"column":null}},"10":{"start":{"line":20,"column":23},"end":{"line":27,"column":null}},"11":{"start":{"line":21,"column":4},"end":{"line":26,"column":null}},"12":{"start":{"line":22,"column":6},"end":{"line":22,"column":null}},"13":{"start":{"line":23,"column":6},"end":{"line":23,"column":null}},"14":{"start":{"line":25,"column":6},"end":{"line":25,"column":null}},"15":{"start":{"line":30,"column":2},"end":{"line":42,"column":null}},"16":{"start":{"line":31,"column":4},"end":{"line":40,"column":null}},"17":{"start":{"line":44,"column":2},"end":{"line":96,"column":null}}},"fnMap":{"0":{"name":"Header","decl":{"start":{"line":5,"column":16},"end":{"line":5,"column":25}},"loc":{"start":{"line":5,"column":25},"end":{"line":98,"column":null}},"line":5},"1":{"name":"(anonymous_1)","decl":{"start":{"line":9,"column":21},"end":{"line":9,"column":27}},"loc":{"start":{"line":9,"column":27},"end":{"line":9,"column":null}},"line":9},"2":{"name":"(anonymous_2)","decl":{"start":{"line":10,"column":20},"end":{"line":10,"column":26}},"loc":{"start":{"line":10,"column":26},"end":{"line":10,"column":null}},"line":10},"3":{"name":"(anonymous_3)","decl":{"start":{"line":12,"column":22},"end":{"line":12,"column":34}},"loc":{"start":{"line":12,"column":34},"end":{"line":18,"column":null}},"line":12},"4":{"name":"(anonymous_4)","decl":{"start":{"line":20,"column":23},"end":{"line":20,"column":35}},"loc":{"start":{"line":20,"column":35},"end":{"line":27,"column":null}},"line":20}},"branchMap":{"0":{"loc":{"start":{"line":30,"column":2},"end":{"line":42,"column":null}},"type":"if","locations":[{"start":{"line":30,"column":2},"end":{"line":42,"column":null}},{"start":{},"end":{}}],"line":30},"1":{"loc":{"start":{"line":30,"column":6},"end":{"line":30,"column":39}},"type":"binary-expr","locations":[{"start":{"line":30,"column":6},"end":{"line":30,"column":14}},{"start":{"line":30,"column":14},"end":{"line":30,"column":39}}],"line":30},"2":{"loc":{"start":{"line":51,"column":9},"end":{"line":93,"column":null}},"type":"cond-expr","locations":[{"start":{"line":52,"column":10},"end":{"line":54,"column":null}},{"start":{"line":56,"column":10},"end":{"line":93,"column":null}}],"line":51},"3":{"loc":{"start":{"line":65,"column":13},"end":{"line":91,"column":null}},"type":"binary-expr","locations":[{"start":{"line":65,"column":13},"end":{"line":65,"column":null}},{"start":{"line":66,"column":14},"end":{"line":91,"column":null}}],"line":65}},"s":{"0":18,"1":18,"2":18,"3":4,"4":18,"5":3,"6":18,"7":2,"8":2,"9":1,"10":18,"11":3,"12":3,"13":2,"14":1,"15":18,"16":2,"17":16},"f":{"0":18,"1":4,"2":3,"3":2,"4":3},"b":{"0":[2,16],"1":[18,14],"2":[4,12],"3":[12,4]},"meta":{"lastBranch":4,"lastFunction":5,"lastStatement":18,"seen":{"f:5:16:5:25":0,"s:6:36:6:Infinity":0,"s:7:30:7:Infinity":1,"s:9:21:9:Infinity":2,"f:9:21:9:27":1,"s:9:27:9:Infinity":3,"s:10:20:10:Infinity":4,"f:10:20:10:26":2,"s:10:26:10:Infinity":5,"s:12:22:18:Infinity":6,"f:12:22:12:34":3,"s:13:4:17:Infinity":7,"s:14:6:14:Infinity":8,"s:16:6:16:Infinity":9,"s:20:23:27:Infinity":10,"f:20:23:20:35":4,"s:21:4:26:Infinity":11,"s:22:6:22:Infinity":12,"s:23:6:23:Infinity":13,"s:25:6:25:Infinity":14,"b:30:2:42:Infinity:undefined:undefined:undefined:undefined":0,"s:30:2:42:Infinity":15,"b:30:6:30:14:30:14:30:39":1,"s:31:4:40:Infinity":16,"s:44:2:96:Infinity":17,"b:52:10:54:Infinity:56:10:93:Infinity":2,"b:65:13:65:Infinity:66:14:91:Infinity":3}}}
,"/Users/adampeterson/Github/shelterluv/services/webapp-react/src/components/RoleGuard.jsx": {"path":"/Users/adampeterson/Github/shelterluv/services/webapp-react/src/components/RoleGuard.jsx","statementMap":{"0":{"start":{"line":16,"column":20},"end":{"line":16,"column":null}},"1":{"start":{"line":18,"column":2},"end":{"line":20,"column":null}},"2":{"start":{"line":19,"column":4},"end":{"line":19,"column":null}},"3":{"start":{"line":22,"column":2},"end":{"line":22,"column":null}}},"fnMap":{"0":{"name":"RoleGuard","decl":{"start":{"line":15,"column":16},"end":{"line":15,"column":26}},"loc":{"start":{"line":15,"column":64},"end":{"line":23,"column":null}},"line":15}},"branchMap":{"0":{"loc":{"start":{"line":15,"column":45},"end":{"line":15,"column":61}},"type":"default-arg","locations":[{"start":{"line":15,"column":56},"end":{"line":15,"column":61}}],"line":15},"1":{"loc":{"start":{"line":18,"column":2},"end":{"line":20,"column":null}},"type":"if","locations":[{"start":{"line":18,"column":2},"end":{"line":20,"column":null}},{"start":{},"end":{}}],"line":18},"2":{"loc":{"start":{"line":18,"column":6},"end":{"line":18,"column":87}},"type":"binary-expr","locations":[{"start":{"line":18,"column":6},"end":{"line":18,"column":46}},{"start":{"line":18,"column":46},"end":{"line":18,"column":55}},{"start":{"line":18,"column":55},"end":{"line":18,"column":87}}],"line":18}},"s":{"0":11,"1":11,"2":4,"3":7},"f":{"0":11},"b":{"0":[11],"1":[4,7],"2":[11,8,7]},"meta":{"lastBranch":3,"lastFunction":1,"lastStatement":4,"seen":{"f:15:16:15:26":0,"b:15:56:15:61":0,"s:16:20:16:Infinity":0,"b:18:2:20:Infinity:undefined:undefined:undefined:undefined":1,"s:18:2:20:Infinity":1,"b:18:6:18:46:18:46:18:55:18:55:18:87":2,"s:19:4:19:Infinity":2,"s:22:2:22:Infinity":3}}}
,"/Users/adampeterson/Github/shelterluv/services/webapp-react/src/components/SortMenu.jsx": {"path":"/Users/adampeterson/Github/shelterluv/services/webapp-react/src/components/SortMenu.jsx","statementMap":{"0":{"start":{"line":14,"column":22},"end":{"line":14,"column":null}},"1":{"start":{"line":16,"column":23},"end":{"line":19,"column":null}},"2":{"start":{"line":17,"column":4},"end":{"line":17,"column":null}},"3":{"start":{"line":18,"column":4},"end":{"line":18,"column":null}},"4":{"start":{"line":21,"column":2},"end":{"line":21,"column":null}},"5":{"start":{"line":21,"column":15},"end":{"line":21,"column":null}},"6":{"start":{"line":23,"column":21},"end":{"line":25,"column":null}},"7":{"start":{"line":24,"column":4},"end":{"line":24,"column":null}},"8":{"start":{"line":27,"column":2},"end":{"line":51,"column":null}},"9":{"start":{"line":40,"column":12},"end":{"line":47,"column":null}},"10":{"start":{"line":43,"column":29},"end":{"line":43,"column":null}},"11":{"start":{"line":55,"column":0},"end":{"line":63,"column":null}}},"fnMap":{"0":{"name":"SortMenu","decl":{"start":{"line":13,"column":16},"end":{"line":13,"column":25}},"loc":{"start":{"line":13,"column":62},"end":{"line":53,"column":null}},"line":13},"1":{"name":"(anonymous_1)","decl":{"start":{"line":16,"column":23},"end":{"line":16,"column":24}},"loc":{"start":{"line":16,"column":35},"end":{"line":19,"column":null}},"line":16},"2":{"name":"(anonymous_2)","decl":{"start":{"line":23,"column":21},"end":{"line":23,"column":22}},"loc":{"start":{"line":23,"column":33},"end":{"line":25,"column":null}},"line":23},"3":{"name":"(anonymous_3)","decl":{"start":{"line":39,"column":27},"end":{"line":39,"column":28}},"loc":{"start":{"line":40,"column":12},"end":{"line":47,"column":null}},"line":40},"4":{"name":"(anonymous_4)","decl":{"start":{"line":43,"column":23},"end":{"line":43,"column":29}},"loc":{"start":{"line":43,"column":29},"end":{"line":43,"column":null}},"line":43}},"branchMap":{"0":{"loc":{"start":{"line":21,"column":2},"end":{"line":21,"column":null}},"type":"if","locations":[{"start":{"line":21,"column":2},"end":{"line":21,"column":null}},{"start":{},"end":{}}],"line":21},"1":{"loc":{"start":{"line":24,"column":11},"end":{"line":24,"column":null}},"type":"binary-expr","locations":[{"start":{"line":24,"column":11},"end":{"line":24,"column":42}},{"start":{"line":24,"column":42},"end":{"line":24,"column":null}}],"line":24},"2":{"loc":{"start":{"line":42,"column":40},"end":{"line":42,"column":76}},"type":"cond-expr","locations":[{"start":{"line":42,"column":61},"end":{"line":42,"column":74}},{"start":{"line":42,"column":74},"end":{"line":42,"column":76}}],"line":42},"3":{"loc":{"start":{"line":46,"column":15},"end":{"line":46,"column":null}},"type":"binary-expr","locations":[{"start":{"line":46,"column":15},"end":{"line":46,"column":37}},{"start":{"line":46,"column":37},"end":{"line":46,"column":null}}],"line":46}},"s":{"0":9,"1":9,"2":1,"3":1,"4":9,"5":1,"6":8,"7":80,"8":8,"9":40,"10":1,"11":1},"f":{"0":9,"1":1,"2":80,"3":40,"4":1},"b":{"0":[1,8],"1":[80,32],"2":[8,32],"3":[40,8]},"meta":{"lastBranch":4,"lastFunction":5,"lastStatement":12,"seen":{"f:13:16:13:25":0,"s:14:22:14:Infinity":0,"s:16:23:19:Infinity":1,"f:16:23:16:24":1,"s:17:4:17:Infinity":2,"s:18:4:18:Infinity":3,"b:21:2:21:Infinity:undefined:undefined:undefined:undefined":0,"s:21:2:21:Infinity":4,"s:21:15:21:Infinity":5,"s:23:21:25:Infinity":6,"f:23:21:23:22":2,"s:24:4:24:Infinity":7,"b:24:11:24:42:24:42:24:Infinity":1,"s:27:2:51:Infinity":8,"f:39:27:39:28":3,"s:40:12:47:Infinity":9,"b:42:61:42:74:42:74:42:76":2,"f:43:23:43:29":4,"s:43:29:43:Infinity":10,"b:46:15:46:37:46:37:46:Infinity":3,"s:55:0:63:Infinity":11}}}
,"/Users/adampeterson/Github/shelterluv/services/webapp-react/src/components/filter-sections/AvailabilityFilterSection.jsx": {"path":"/Users/adampeterson/Github/shelterluv/services/webapp-react/src/components/filter-sections/AvailabilityFilterSection.jsx","statementMap":{"0":{"start":{"line":10,"column":23},"end":{"line":12,"column":null}},"1":{"start":{"line":11,"column":4},"end":{"line":11,"column":null}},"2":{"start":{"line":14,"column":2},"end":{"line":33,"column":null}},"3":{"start":{"line":21,"column":27},"end":{"line":21,"column":null}},"4":{"start":{"line":29,"column":27},"end":{"line":29,"column":null}},"5":{"start":{"line":37,"column":0},"end":{"line":40,"column":null}}},"fnMap":{"0":{"name":"AvailabilityFilterSection","decl":{"start":{"line":9,"column":9},"end":{"line":9,"column":35}},"loc":{"start":{"line":9,"column":71},"end":{"line":35,"column":null}},"line":9},"1":{"name":"(anonymous_1)","decl":{"start":{"line":10,"column":23},"end":{"line":10,"column":24}},"loc":{"start":{"line":10,"column":43},"end":{"line":12,"column":null}},"line":10},"2":{"name":"(anonymous_2)","decl":{"start":{"line":21,"column":20},"end":{"line":21,"column":21}},"loc":{"start":{"line":21,"column":27},"end":{"line":21,"column":null}},"line":21},"3":{"name":"(anonymous_3)","decl":{"start":{"line":29,"column":20},"end":{"line":29,"column":21}},"loc":{"start":{"line":29,"column":27},"end":{"line":29,"column":null}},"line":29}},"branchMap":{},"s":{"0":8,"1":2,"2":8,"3":2,"4":0,"5":1},"f":{"0":8,"1":2,"2":2,"3":0},"b":{},"meta":{"lastBranch":0,"lastFunction":4,"lastStatement":6,"seen":{"f:9:9:9:35":0,"s:10:23:12:Infinity":0,"f:10:23:10:24":1,"s:11:4:11:Infinity":1,"s:14:2:33:Infinity":2,"f:21:20:21:21":2,"s:21:27:21:Infinity":3,"f:29:20:29:21":3,"s:29:27:29:Infinity":4,"s:37:0:40:Infinity":5}}}
,"/Users/adampeterson/Github/shelterluv/services/webapp-react/src/components/tabs/IntakeTab.jsx": {"path":"/Users/adampeterson/Github/shelterluv/services/webapp-react/src/components/tabs/IntakeTab.jsx","statementMap":{"0":{"start":{"line":10,"column":2},"end":{"line":27,"column":null}},"1":{"start":{"line":31,"column":0},"end":{"line":36,"column":null}}},"fnMap":{"0":{"name":"IntakeTab","decl":{"start":{"line":9,"column":9},"end":{"line":9,"column":19}},"loc":{"start":{"line":9,"column":28},"end":{"line":29,"column":null}},"line":9}},"branchMap":{"0":{"loc":{"start":{"line":13,"column":7},"end":{"line":17,"column":null}},"type":"binary-expr","locations":[{"start":{"line":13,"column":7},"end":{"line":13,"column":null}},{"start":{"line":14,"column":8},"end":{"line":17,"column":null}}],"line":13},"1":{"loc":{"start":{"line":19,"column":7},"end":{"line":25,"column":null}},"type":"cond-expr","locations":[{"start":{"line":20,"column":8},"end":{"line":23,"column":null}},{"start":{"line":25,"column":8},"end":{"line":25,"column":null}}],"line":19}},"s":{"0":7,"1":1},"f":{"0":7},"b":{"0":[7,5],"1":[3,4]},"meta":{"lastBranch":2,"lastFunction":1,"lastStatement":2,"seen":{"f:9:9:9:19":0,"s:10:2:27:Infinity":0,"b:13:7:13:Infinity:14:8:17:Infinity":0,"b:20:8:23:Infinity:25:8:25:Infinity":1,"s:31:0:36:Infinity":1}}}
,"/Users/adampeterson/Github/shelterluv/services/webapp-react/src/components/tabs/MedicalTab.jsx": {"path":"/Users/adampeterson/Github/shelterluv/services/webapp-react/src/components/tabs/MedicalTab.jsx","statementMap":{"0":{"start":{"line":10,"column":2},"end":{"line":36,"column":null}},"1":{"start":{"line":24,"column":14},"end":{"line":28,"column":null}},"2":{"start":{"line":40,"column":0},"end":{"line":51,"column":null}}},"fnMap":{"0":{"name":"MedicalTab","decl":{"start":{"line":9,"column":9},"end":{"line":9,"column":20}},"loc":{"start":{"line":9,"column":29},"end":{"line":38,"column":null}},"line":9},"1":{"name":"(anonymous_1)","decl":{"start":{"line":23,"column":32},"end":{"line":23,"column":33}},"loc":{"start":{"line":24,"column":14},"end":{"line":28,"column":null}},"line":24}},"branchMap":{"0":{"loc":{"start":{"line":13,"column":7},"end":{"line":17,"column":null}},"type":"binary-expr","locations":[{"start":{"line":13,"column":7},"end":{"line":13,"column":null}},{"start":{"line":14,"column":8},"end":{"line":17,"column":null}}],"line":13},"1":{"loc":{"start":{"line":19,"column":7},"end":{"line":31,"column":null}},"type":"binary-expr","locations":[{"start":{"line":19,"column":7},"end":{"line":19,"column":25}},{"start":{"line":19,"column":25},"end":{"line":19,"column":null}},{"start":{"line":20,"column":8},"end":{"line":31,"column":null}}],"line":19},"2":{"loc":{"start":{"line":27,"column":17},"end":{"line":27,"column":null}},"type":"binary-expr","locations":[{"start":{"line":27,"column":17},"end":{"line":27,"column":36}},{"start":{"line":27,"column":36},"end":{"line":27,"column":null}}],"line":27},"3":{"loc":{"start":{"line":33,"column":7},"end":{"line":34,"column":null}},"type":"binary-expr","locations":[{"start":{"line":33,"column":7},"end":{"line":33,"column":29}},{"start":{"line":33,"column":29},"end":{"line":33,"column":48}},{"start":{"line":33,"column":48},"end":{"line":33,"column":null}},{"start":{"line":34,"column":8},"end":{"line":34,"column":null}}],"line":33}},"s":{"0":9,"1":8,"2":1},"f":{"0":9,"1":8},"b":{"0":[9,3],"1":[9,8,5],"2":[8,5],"3":[9,6,5,3]},"meta":{"lastBranch":4,"lastFunction":2,"lastStatement":3,"seen":{"f:9:9:9:20":0,"s:10:2:36:Infinity":0,"b:13:7:13:Infinity:14:8:17:Infinity":0,"b:19:7:19:25:19:25:19:Infinity:20:8:31:Infinity":1,"f:23:32:23:33":1,"s:24:14:28:Infinity":1,"b:27:17:27:36:27:36:27:Infinity":2,"b:33:7:33:29:33:29:33:48:33:48:33:Infinity:34:8:34:Infinity":3,"s:40:0:51:Infinity":2}}}
,"/Users/adampeterson/Github/shelterluv/services/webapp-react/src/components/tabs/PersonalityTab.jsx": {"path":"/Users/adampeterson/Github/shelterluv/services/webapp-react/src/components/tabs/PersonalityTab.jsx","statementMap":{"0":{"start":{"line":10,"column":2},"end":{"line":20,"column":null}},"1":{"start":{"line":24,"column":0},"end":{"line":28,"column":null}}},"fnMap":{"0":{"name":"PersonalityTab","decl":{"start":{"line":9,"column":9},"end":{"line":9,"column":24}},"loc":{"start":{"line":9,"column":33},"end":{"line":22,"column":null}},"line":9}},"branchMap":{"0":{"loc":{"start":{"line":13,"column":7},"end":{"line":18,"column":null}},"type":"cond-expr","locations":[{"start":{"line":14,"column":8},"end":{"line":16,"column":null}},{"start":{"line":18,"column":8},"end":{"line":18,"column":null}}],"line":13}},"s":{"0":5,"1":1},"f":{"0":5},"b":{"0":[2,3]},"meta":{"lastBranch":1,"lastFunction":1,"lastStatement":2,"seen":{"f:9:9:9:24":0,"s:10:2:20:Infinity":0,"b:14:8:16:Infinity:18:8:18:Infinity":0,"s:24:0:28:Infinity":1}}}
,"/Users/adampeterson/Github/shelterluv/services/webapp-react/src/contexts/AuthContext.jsx": {"path":"/Users/adampeterson/Github/shelterluv/services/webapp-react/src/contexts/AuthContext.jsx","statementMap":{"0":{"start":{"line":7,"column":6},"end":{"line":11,"column":null}},"1":{"start":{"line":14,"column":8},"end":{"line":14,"column":null}},"2":{"start":{"line":15,"column":2},"end":{"line":17,"column":null}},"3":{"start":{"line":16,"column":4},"end":{"line":16,"column":null}},"4":{"start":{"line":18,"column":2},"end":{"line":18,"column":null}},"5":{"start":{"line":24,"column":32},"end":{"line":24,"column":null}},"6":{"start":{"line":26,"column":2},"end":{"line":51,"column":null}},"7":{"start":{"line":28,"column":10},"end":{"line":47,"column":null}},"8":{"start":{"line":29,"column":6},"end":{"line":46,"column":null}},"9":{"start":{"line":30,"column":8},"end":{"line":43,"column":null}},"10":{"start":{"line":31,"column":23},"end":{"line":31,"column":null}},"11":{"start":{"line":33,"column":10},"end":{"line":38,"column":null}},"12":{"start":{"line":34,"column":12},"end":{"line":34,"column":null}},"13":{"start":{"line":35,"column":12},"end":{"line":35,"column":null}},"14":{"start":{"line":37,"column":12},"end":{"line":37,"column":null}},"15":{"start":{"line":40,"column":10},"end":{"line":40,"column":null}},"16":{"start":{"line":42,"column":10},"end":{"line":42,"column":null}},"17":{"start":{"line":45,"column":8},"end":{"line":45,"column":null}},"18":{"start":{"line":50,"column":4},"end":{"line":50,"column":null}},"19":{"start":{"line":50,"column":17},"end":{"line":50,"column":null}},"20":{"start":{"line":53,"column":16},"end":{"line":61,"column":null}},"21":{"start":{"line":54,"column":4},"end":{"line":60,"column":null}},"22":{"start":{"line":55,"column":6},"end":{"line":55,"column":null}},"23":{"start":{"line":58,"column":6},"end":{"line":58,"column":null}},"24":{"start":{"line":59,"column":6},"end":{"line":59,"column":null}},"25":{"start":{"line":63,"column":17},"end":{"line":71,"column":null}},"26":{"start":{"line":64,"column":4},"end":{"line":70,"column":null}},"27":{"start":{"line":65,"column":6},"end":{"line":65,"column":null}},"28":{"start":{"line":68,"column":6},"end":{"line":68,"column":null}},"29":{"start":{"line":69,"column":6},"end":{"line":69,"column":null}},"30":{"start":{"line":73,"column":16},"end":{"line":77,"column":null}},"31":{"start":{"line":79,"column":2},"end":{"line":79,"column":null}},"32":{"start":{"line":82,"column":0},"end":{"line":84,"column":null}}},"fnMap":{"0":{"name":"(anonymous_0)","decl":{"start":{"line":9,"column":9},"end":{"line":9,"column":21}},"loc":{"start":{"line":9,"column":21},"end":{"line":9,"column":null}},"line":9},"1":{"name":"(anonymous_1)","decl":{"start":{"line":10,"column":10},"end":{"line":10,"column":22}},"loc":{"start":{"line":10,"column":22},"end":{"line":10,"column":null}},"line":10},"2":{"name":"useAuth","decl":{"start":{"line":13,"column":16},"end":{"line":13,"column":26}},"loc":{"start":{"line":13,"column":26},"end":{"line":19,"column":null}},"line":13},"3":{"name":"AuthProvider","decl":{"start":{"line":22,"column":16},"end":{"line":22,"column":29}},"loc":{"start":{"line":22,"column":43},"end":{"line":80,"column":null}},"line":22},"4":{"name":"(anonymous_4)","decl":{"start":{"line":26,"column":12},"end":{"line":26,"column":18}},"loc":{"start":{"line":26,"column":18},"end":{"line":51,"column":5}},"line":26},"5":{"name":"(anonymous_5)","decl":{"start":{"line":28,"column":47},"end":{"line":28,"column":54}},"loc":{"start":{"line":28,"column":71},"end":{"line":47,"column":5}},"line":28},"6":{"name":"(anonymous_6)","decl":{"start":{"line":50,"column":11},"end":{"line":50,"column":17}},"loc":{"start":{"line":50,"column":17},"end":{"line":50,"column":null}},"line":50},"7":{"name":"(anonymous_7)","decl":{"start":{"line":53,"column":16},"end":{"line":53,"column":28}},"loc":{"start":{"line":53,"column":28},"end":{"line":61,"column":null}},"line":53},"8":{"name":"(anonymous_8)","decl":{"start":{"line":63,"column":17},"end":{"line":63,"column":29}},"loc":{"start":{"line":63,"column":29},"end":{"line":71,"column":null}},"line":63}},"branchMap":{"0":{"loc":{"start":{"line":15,"column":2},"end":{"line":17,"column":null}},"type":"if","locations":[{"start":{"line":15,"column":2},"end":{"line":17,"column":null}},{"start":{},"end":{}}],"line":15},"1":{"loc":{"start":{"line":29,"column":6},"end":{"line":46,"column":null}},"type":"if","locations":[{"start":{"line":29,"column":6},"end":{"line":46,"column":null}},{"start":{"line":44,"column":13},"end":{"line":46,"column":null}}],"line":29},"2":{"loc":{"start":{"line":33,"column":10},"end":{"line":38,"column":null}},"type":"if","locations":[{"start":{"line":33,"column":10},"end":{"line":38,"column":null}},{"start":{"line":36,"column":17},"end":{"line":38,"column":null}}],"line":33}},"s":{"0":1,"1":15,"2":15,"3":0,"4":15,"5":16,"6":16,"7":10,"8":5,"9":4,"10":4,"11":3,"12":1,"13":1,"14":2,"15":1,"16":1,"17":1,"18":10,"19":10,"20":16,"21":2,"22":2,"23":1,"24":1,"25":16,"26":2,"27":2,"28":1,"29":1,"30":16,"31":16,"32":1},"f":{"0":0,"1":0,"2":15,"3":16,"4":10,"5":5,"6":10,"7":2,"8":2},"b":{"0":[0,15],"1":[4,1],"2":[1,2]},"meta":{"lastBranch":3,"lastFunction":9,"lastStatement":33,"seen":{"s:7:6:11:Infinity":0,"f:9:9:9:21":0,"f:10:10:10:22":1,"f:13:16:13:26":2,"s:14:8:14:Infinity":1,"b:15:2:17:Infinity:undefined:undefined:undefined:undefined":0,"s:15:2:17:Infinity":2,"s:16:4:16:Infinity":3,"s:18:2:18:Infinity":4,"f:22:16:22:29":3,"s:24:32:24:Infinity":5,"s:26:2:51:Infinity":6,"f:26:12:26:18":4,"s:28:10:47:Infinity":7,"f:28:47:28:54":5,"b:29:6:46:Infinity:44:13:46:Infinity":1,"s:29:6:46:Infinity":8,"s:30:8:43:Infinity":9,"s:31:23:31:Infinity":10,"b:33:10:38:Infinity:36:17:38:Infinity":2,"s:33:10:38:Infinity":11,"s:34:12:34:Infinity":12,"s:35:12:35:Infinity":13,"s:37:12:37:Infinity":14,"s:40:10:40:Infinity":15,"s:42:10:42:Infinity":16,"s:45:8:45:Infinity":17,"s:50:4:50:Infinity":18,"f:50:11:50:17":6,"s:50:17:50:Infinity":19,"s:53:16:61:Infinity":20,"f:53:16:53:28":7,"s:54:4:60:Infinity":21,"s:55:6:55:Infinity":22,"s:58:6:58:Infinity":23,"s:59:6:59:Infinity":24,"s:63:17:71:Infinity":25,"f:63:17:63:29":8,"s:64:4:70:Infinity":26,"s:65:6:65:Infinity":27,"s:68:6:68:Infinity":28,"s:69:6:69:Infinity":29,"s:73:16:77:Infinity":30,"s:79:2:79:Infinity":31,"s:82:0:84:Infinity":32}}}
,"/Users/adampeterson/Github/shelterluv/services/webapp-react/src/hooks/useDogs.js": {"path":"/Users/adampeterson/Github/shelterluv/services/webapp-react/src/hooks/useDogs.js","statementMap":{"0":{"start":{"line":20,"column":31},"end":{"line":20,"column":44}},"1":{"start":{"line":21,"column":31},"end":{"line":21,"column":46}},"2":{"start":{"line":22,"column":27},"end":{"line":22,"column":42}},"3":{"start":{"line":23,"column":37},"end":{"line":23,"column":49}},"4":{"start":{"line":25,"column":19},"end":{"line":49,"column":18}},"5":{"start":{"line":26,"column":4},"end":{"line":48,"column":null}},"6":{"start":{"line":27,"column":6},"end":{"line":27,"column":null}},"7":{"start":{"line":28,"column":6},"end":{"line":28,"column":null}},"8":{"start":{"line":29,"column":23},"end":{"line":29,"column":38}},"9":{"start":{"line":30,"column":6},"end":{"line":30,"column":null}},"10":{"start":{"line":31,"column":6},"end":{"line":31,"column":23}},"11":{"start":{"line":33,"column":6},"end":{"line":33,"column":null}},"12":{"start":{"line":36,"column":6},"end":{"line":42,"column":null}},"13":{"start":{"line":37,"column":22},"end":{"line":37,"column":52}},"14":{"start":{"line":38,"column":8},"end":{"line":38,"column":null}},"15":{"start":{"line":39,"column":8},"end":{"line":39,"column":null}},"16":{"start":{"line":39,"column":30},"end":{"line":39,"column":38}},"17":{"start":{"line":40,"column":8},"end":{"line":40,"column":null}},"18":{"start":{"line":40,"column":25},"end":{"line":40,"column":40}},"19":{"start":{"line":41,"column":8},"end":{"line":41,"column":null}},"20":{"start":{"line":44,"column":6},"end":{"line":44,"column":null}},"21":{"start":{"line":45,"column":6},"end":{"line":45,"column":23}},"22":{"start":{"line":47,"column":6},"end":{"line":47,"column":null}},"23":{"start":{"line":51,"column":1},"end":{"line":53,"column":null}},"24":{"start":{"line":52,"column":4},"end":{"line":52,"column":null}},"25":{"start":{"line":55,"column":2},"end":{"line":61,"column":null}},"26":{"start":{"line":59,"column":19},"end":{"line":59,"column":35}}},"fnMap":{"0":{"name":"useDogs","decl":{"start":{"line":19,"column":16},"end":{"line":19,"column":23}},"loc":{"start":{"line":19,"column":26},"end":{"line":62,"column":null}},"line":19},"1":{"name":"(anonymous_1)","decl":{"start":{"line":25,"column":32},"end":{"line":25,"column":37}},"loc":{"start":{"line":25,"column":59},"end":{"line":49,"column":3}},"line":25},"2":{"name":"(anonymous_2)","decl":{"start":{"line":39,"column":22},"end":{"line":39,"column":26}},"loc":{"start":{"line":39,"column":30},"end":{"line":39,"column":38}},"line":39},"3":{"name":"(anonymous_3)","decl":{"start":{"line":40,"column":19},"end":{"line":40,"column":20}},"loc":{"start":{"line":40,"column":25},"end":{"line":40,"column":40}},"line":40},"4":{"name":"(anonymous_4)","decl":{"start":{"line":51,"column":12},"end":{"line":51,"column":13}},"loc":{"start":{"line":51,"column":18},"end":{"line":53,"column":3}},"line":51},"5":{"name":"(anonymous_5)","decl":{"start":{"line":59,"column":13},"end":{"line":59,"column":14}},"loc":{"start":{"line":59,"column":19},"end":{"line":59,"column":35}},"line":59}},"branchMap":{"0":{"loc":{"start":{"line":25,"column":39},"end":{"line":25,"column":54}},"type":"default-arg","locations":[{"start":{"line":25,"column":49},"end":{"line":25,"column":54}}],"line":25},"1":{"loc":{"start":{"line":36,"column":6},"end":{"line":42,"column":null}},"type":"if","locations":[{"start":{"line":36,"column":6},"end":{"line":42,"column":null}},{"start":{},"end":{}}],"line":36},"2":{"loc":{"start":{"line":36,"column":10},"end":{"line":36,"column":36}},"type":"binary-expr","locations":[{"start":{"line":36,"column":10},"end":{"line":36,"column":18}},{"start":{"line":36,"column":22},"end":{"line":36,"column":36}}],"line":36}},"s":{"0":22137,"1":22137,"2":22137,"3":22137,"4":22137,"5":11192,"6":11192,"7":11192,"8":11192,"9":79,"10":79,"11":11113,"12":11113,"13":7372,"14":7372,"15":7372,"16":7371,"17":7372,"18":131,"19":7372,"20":3741,"21":3741,"22":11192,"23":22137,"24":11061,"25":22137,"26":0},"f":{"0":22137,"1":11192,"2":7371,"3":131,"4":11061,"5":0},"b":{"0":[11192],"1":[7372,3741],"2":[11113,11057]},"meta":{"lastBranch":3,"lastFunction":6,"lastStatement":27,"seen":{"f:19:16:19:23":0,"s:20:31:20:44":0,"s:21:31:21:46":1,"s:22:27:22:42":2,"s:23:37:23:49":3,"s:25:19:49:18":4,"f:25:32:25:37":1,"b:25:49:25:54":0,"s:26:4:48:Infinity":5,"s:27:6:27:Infinity":6,"s:28:6:28:Infinity":7,"s:29:23:29:38":8,"s:30:6:30:Infinity":9,"s:31:6:31:23":10,"s:33:6:33:Infinity":11,"b:36:6:42:Infinity:undefined:undefined:undefined:undefined":1,"s:36:6:42:Infinity":12,"b:36:10:36:18:36:22:36:36":2,"s:37:22:37:52":13,"s:38:8:38:Infinity":14,"s:39:8:39:Infinity":15,"f:39:22:39:26":2,"s:39:30:39:38":16,"s:40:8:40:Infinity":17,"f:40:19:40:20":3,"s:40:25:40:40":18,"s:41:8:41:Infinity":19,"s:44:6:44:Infinity":20,"s:45:6:45:23":21,"s:47:6:47:Infinity":22,"s:51:1:53:Infinity":23,"f:51:12:51:13":4,"s:52:4:52:Infinity":24,"s:55:2:61:Infinity":25,"f:59:13:59:14":5,"s:59:19:59:35":26}}}
,"/Users/adampeterson/Github/shelterluv/services/webapp-react/src/repositories/dogRepository.js": {"path":"/Users/adampeterson/Github/shelterluv/services/webapp-react/src/repositories/dogRepository.js","statementMap":{"0":{"start":{"line":10,"column":2},"end":{"line":25,"column":null}},"1":{"start":{"line":11,"column":26},"end":{"line":11,"column":49}},"2":{"start":{"line":12,"column":25},"end":{"line":12,"column":54}},"3":{"start":{"line":13,"column":21},"end":{"line":20,"column":6}},"4":{"start":{"line":15,"column":6},"end":{"line":18,"column":null}},"5":{"start":{"line":16,"column":8},"end":{"line":16,"column":null}},"6":{"start":{"line":17,"column":8},"end":{"line":17,"column":null}},"7":{"start":{"line":19,"column":6},"end":{"line":19,"column":null}},"8":{"start":{"line":21,"column":4},"end":{"line":21,"column":null}},"9":{"start":{"line":23,"column":4},"end":{"line":23,"column":null}},"10":{"start":{"line":24,"column":4},"end":{"line":24,"column":null}},"11":{"start":{"line":34,"column":2},"end":{"line":49,"column":null}},"12":{"start":{"line":35,"column":28},"end":{"line":35,"column":91}},"13":{"start":{"line":36,"column":19},"end":{"line":36,"column":52}},"14":{"start":{"line":37,"column":4},"end":{"line":44,"column":null}},"15":{"start":{"line":39,"column":6},"end":{"line":42,"column":null}},"16":{"start":{"line":40,"column":8},"end":{"line":40,"column":null}},"17":{"start":{"line":41,"column":8},"end":{"line":41,"column":null}},"18":{"start":{"line":43,"column":6},"end":{"line":43,"column":null}},"19":{"start":{"line":45,"column":4},"end":{"line":45,"column":null}},"20":{"start":{"line":47,"column":4},"end":{"line":47,"column":null}},"21":{"start":{"line":48,"column":4},"end":{"line":48,"column":null}}},"fnMap":{"0":{"name":"getDogs","decl":{"start":{"line":9,"column":22},"end":{"line":9,"column":29}},"loc":{"start":{"line":9,"column":32},"end":{"line":26,"column":null}},"line":9},"1":{"name":"(anonymous_1)","decl":{"start":{"line":13,"column":43},"end":{"line":13,"column":46}},"loc":{"start":{"line":13,"column":50},"end":{"line":20,"column":5}},"line":13},"2":{"name":"getDogById","decl":{"start":{"line":33,"column":22},"end":{"line":33,"column":32}},"loc":{"start":{"line":33,"column":37},"end":{"line":50,"column":null}},"line":33}},"branchMap":{"0":{"loc":{"start":{"line":15,"column":6},"end":{"line":18,"column":null}},"type":"if","locations":[{"start":{"line":15,"column":6},"end":{"line":18,"column":null}},{"start":{},"end":{}}],"line":15},"1":{"loc":{"start":{"line":37,"column":4},"end":{"line":44,"column":null}},"type":"if","locations":[{"start":{"line":37,"column":4},"end":{"line":44,"column":null}},{"start":{},"end":{}}],"line":37},"2":{"loc":{"start":{"line":39,"column":6},"end":{"line":42,"column":null}},"type":"if","locations":[{"start":{"line":39,"column":6},"end":{"line":42,"column":null}},{"start":{},"end":{}}],"line":39}},"s":{"0":4,"1":4,"2":4,"3":3,"4":3,"5":1,"6":1,"7":2,"8":3,"9":2,"10":2,"11":4,"12":4,"13":4,"14":3,"15":2,"16":1,"17":1,"18":1,"19":1,"20":2,"21":2},"f":{"0":4,"1":3,"2":4},"b":{"0":[1,2],"1":[2,1],"2":[1,1]},"meta":{"lastBranch":3,"lastFunction":3,"lastStatement":22,"seen":{"f:9:22:9:29":0,"s:10:2:25:Infinity":0,"s:11:26:11:49":1,"s:12:25:12:54":2,"s:13:21:20:6":3,"f:13:43:13:46":1,"b:15:6:18:Infinity:undefined:undefined:undefined:undefined":0,"s:15:6:18:Infinity":4,"s:16:8:16:Infinity":5,"s:17:8:17:Infinity":6,"s:19:6:19:Infinity":7,"s:21:4:21:Infinity":8,"s:23:4:23:Infinity":9,"s:24:4:24:Infinity":10,"f:33:22:33:32":2,"s:34:2:49:Infinity":11,"s:35:28:35:91":12,"s:36:19:36:52":13,"b:37:4:44:Infinity:undefined:undefined:undefined:undefined":1,"s:37:4:44:Infinity":14,"b:39:6:42:Infinity:undefined:undefined:undefined:undefined":2,"s:39:6:42:Infinity":15,"s:40:8:40:Infinity":16,"s:41:8:41:Infinity":17,"s:43:6:43:Infinity":18,"s:45:4:45:Infinity":19,"s:47:4:47:Infinity":20,"s:48:4:48:Infinity":21}}}
,"/Users/adampeterson/Github/shelterluv/services/webapp-react/src/repositories/userRepository.js": {"path":"/Users/adampeterson/Github/shelterluv/services/webapp-react/src/repositories/userRepository.js","statementMap":{"0":{"start":{"line":17,"column":2},"end":{"line":17,"column":null}},"1":{"start":{"line":17,"column":12},"end":{"line":17,"column":null}},"2":{"start":{"line":19,"column":2},"end":{"line":48,"column":null}},"3":{"start":{"line":20,"column":22},"end":{"line":20,"column":44}},"4":{"start":{"line":21,"column":24},"end":{"line":21,"column":48}},"5":{"start":{"line":23,"column":4},"end":{"line":44,"column":null}},"6":{"start":{"line":24,"column":23},"end":{"line":24,"column":41}},"7":{"start":{"line":25,"column":19},"end":{"line":25,"column":32}},"8":{"start":{"line":28,"column":6},"end":{"line":39,"column":null}},"9":{"start":{"line":30,"column":10},"end":{"line":30,"column":null}},"10":{"start":{"line":32,"column":10},"end":{"line":32,"column":null}},"11":{"start":{"line":34,"column":10},"end":{"line":34,"column":null}},"12":{"start":{"line":37,"column":10},"end":{"line":37,"column":null}},"13":{"start":{"line":38,"column":10},"end":{"line":38,"column":null}},"14":{"start":{"line":42,"column":6},"end":{"line":42,"column":null}},"15":{"start":{"line":43,"column":6},"end":{"line":43,"column":null}},"16":{"start":{"line":46,"column":4},"end":{"line":46,"column":null}},"17":{"start":{"line":47,"column":4},"end":{"line":47,"column":16}}},"fnMap":{"0":{"name":"getUserRole","decl":{"start":{"line":16,"column":22},"end":{"line":16,"column":33}},"loc":{"start":{"line":16,"column":39},"end":{"line":49,"column":null}},"line":16}},"branchMap":{"0":{"loc":{"start":{"line":17,"column":2},"end":{"line":17,"column":null}},"type":"if","locations":[{"start":{"line":17,"column":2},"end":{"line":17,"column":null}},{"start":{},"end":{}}],"line":17},"1":{"loc":{"start":{"line":23,"column":4},"end":{"line":44,"column":null}},"type":"if","locations":[{"start":{"line":23,"column":4},"end":{"line":44,"column":null}},{"start":{"line":40,"column":11},"end":{"line":44,"column":null}}],"line":23},"2":{"loc":{"start":{"line":28,"column":6},"end":{"line":39,"column":null}},"type":"switch","locations":[{"start":{"line":29,"column":8},"end":{"line":30,"column":null}},{"start":{"line":31,"column":8},"end":{"line":32,"column":null}},{"start":{"line":33,"column":8},"end":{"line":34,"column":null}},{"start":{"line":35,"column":8},"end":{"line":38,"column":null}}],"line":28}},"s":{"0":10,"1":3,"2":7,"3":7,"4":7,"5":6,"6":5,"7":5,"8":5,"9":1,"10":1,"11":1,"12":2,"13":2,"14":1,"15":1,"16":1,"17":1},"f":{"0":10},"b":{"0":[3,7],"1":[5,1],"2":[1,1,1,2]},"meta":{"lastBranch":3,"lastFunction":1,"lastStatement":18,"seen":{"f:16:22:16:33":0,"b:17:2:17:Infinity:undefined:undefined:undefined:undefined":0,"s:17:2:17:Infinity":0,"s:17:12:17:Infinity":1,"s:19:2:48:Infinity":2,"s:20:22:20:44":3,"s:21:24:21:48":4,"b:23:4:44:Infinity:40:11:44:Infinity":1,"s:23:4:44:Infinity":5,"s:24:23:24:41":6,"s:25:19:25:32":7,"b:29:8:30:Infinity:31:8:32:Infinity:33:8:34:Infinity:35:8:38:Infinity":2,"s:28:6:39:Infinity":8,"s:30:10:30:Infinity":9,"s:32:10:32:Infinity":10,"s:34:10:34:Infinity":11,"s:37:10:37:Infinity":12,"s:38:10:38:Infinity":13,"s:42:6:42:Infinity":14,"s:43:6:43:Infinity":15,"s:46:4:46:Infinity":16,"s:47:4:47:16":17}}}
,"/Users/adampeterson/Github/shelterluv/services/webapp-react/src/types/dogDerived.js": {"path":"/Users/adampeterson/Github/shelterluv/services/webapp-react/src/types/dogDerived.js","statementMap":{"0":{"start":{"line":12,"column":2},"end":{"line":12,"column":null}},"1":{"start":{"line":21,"column":2},"end":{"line":21,"column":null}},"2":{"start":{"line":30,"column":2},"end":{"line":30,"column":null}},"3":{"start":{"line":30,"column":23},"end":{"line":30,"column":null}},"4":{"start":{"line":32,"column":2},"end":{"line":43,"column":null}},"5":{"start":{"line":33,"column":23},"end":{"line":33,"column":47}},"6":{"start":{"line":35,"column":4},"end":{"line":35,"column":null}},"7":{"start":{"line":35,"column":37},"end":{"line":35,"column":null}},"8":{"start":{"line":37,"column":18},"end":{"line":37,"column":28}},"9":{"start":{"line":38,"column":21},"end":{"line":38,"column":49}},"10":{"start":{"line":39,"column":21},"end":{"line":39,"column":65}},"11":{"start":{"line":40,"column":4},"end":{"line":40,"column":null}},"12":{"start":{"line":42,"column":4},"end":{"line":42,"column":null}},"13":{"start":{"line":52,"column":2},"end":{"line":55,"column":null}},"14":{"start":{"line":53,"column":4},"end":{"line":53,"column":null}},"15":{"start":{"line":54,"column":4},"end":{"line":54,"column":13}},"16":{"start":{"line":56,"column":2},"end":{"line":56,"column":null}},"17":{"start":{"line":65,"column":2},"end":{"line":65,"column":null}},"18":{"start":{"line":75,"column":2},"end":{"line":75,"column":null}},"19":{"start":{"line":75,"column":59},"end":{"line":75,"column":null}},"20":{"start":{"line":76,"column":2},"end":{"line":76,"column":null}},"21":{"start":{"line":85,"column":14},"end":{"line":85,"column":30}},"22":{"start":{"line":86,"column":2},"end":{"line":86,"column":null}}},"fnMap":{"0":{"name":"isAvailable","decl":{"start":{"line":11,"column":16},"end":{"line":11,"column":27}},"loc":{"start":{"line":11,"column":33},"end":{"line":13,"column":null}},"line":11},"1":{"name":"isInCustody","decl":{"start":{"line":20,"column":16},"end":{"line":20,"column":27}},"loc":{"start":{"line":20,"column":33},"end":{"line":22,"column":null}},"line":20},"2":{"name":"daysAtMuttville","decl":{"start":{"line":29,"column":16},"end":{"line":29,"column":31}},"loc":{"start":{"line":29,"column":37},"end":{"line":44,"column":null}},"line":29},"3":{"name":"getAgeYears","decl":{"start":{"line":51,"column":16},"end":{"line":51,"column":27}},"loc":{"start":{"line":51,"column":33},"end":{"line":57,"column":null}},"line":51},"4":{"name":"isSenior","decl":{"start":{"line":64,"column":16},"end":{"line":64,"column":24}},"loc":{"start":{"line":64,"column":30},"end":{"line":66,"column":null}},"line":64},"5":{"name":"isPuppy","decl":{"start":{"line":73,"column":16},"end":{"line":73,"column":23}},"loc":{"start":{"line":73,"column":29},"end":{"line":77,"column":null}},"line":73},"6":{"name":"isAdult","decl":{"start":{"line":84,"column":16},"end":{"line":84,"column":23}},"loc":{"start":{"line":84,"column":29},"end":{"line":87,"column":null}},"line":84}},"branchMap":{"0":{"loc":{"start":{"line":30,"column":2},"end":{"line":30,"column":null}},"type":"if","locations":[{"start":{"line":30,"column":2},"end":{"line":30,"column":null}},{"start":{},"end":{}}],"line":30},"1":{"loc":{"start":{"line":35,"column":4},"end":{"line":35,"column":null}},"type":"if","locations":[{"start":{"line":35,"column":4},"end":{"line":35,"column":null}},{"start":{},"end":{}}],"line":35},"2":{"loc":{"start":{"line":52,"column":2},"end":{"line":55,"column":null}},"type":"if","locations":[{"start":{"line":52,"column":2},"end":{"line":55,"column":null}},{"start":{},"end":{}}],"line":52},"3":{"loc":{"start":{"line":52,"column":6},"end":{"line":52,"column":57}},"type":"binary-expr","locations":[{"start":{"line":52,"column":6},"end":{"line":52,"column":32}},{"start":{"line":52,"column":36},"end":{"line":52,"column":57}}],"line":52},"4":{"loc":{"start":{"line":75,"column":2},"end":{"line":75,"column":null}},"type":"if","locations":[{"start":{"line":75,"column":2},"end":{"line":75,"column":null}},{"start":{},"end":{}}],"line":75},"5":{"loc":{"start":{"line":75,"column":6},"end":{"line":75,"column":57}},"type":"binary-expr","locations":[{"start":{"line":75,"column":6},"end":{"line":75,"column":32}},{"start":{"line":75,"column":36},"end":{"line":75,"column":57}}],"line":75},"6":{"loc":{"start":{"line":76,"column":9},"end":{"line":76,"column":46}},"type":"binary-expr","locations":[{"start":{"line":76,"column":9},"end":{"line":76,"column":25}},{"start":{"line":76,"column":29},"end":{"line":76,"column":46}}],"line":76},"7":{"loc":{"start":{"line":86,"column":9},"end":{"line":86,"column":28}},"type":"binary-expr","locations":[{"start":{"line":86,"column":9},"end":{"line":86,"column":17}},{"start":{"line":86,"column":21},"end":{"line":86,"column":28}}],"line":86}},"s":{"0":2,"1":2,"2":12,"3":2,"4":10,"5":10,"6":10,"7":1,"8":9,"9":9,"10":9,"11":9,"12":0,"13":28,"14":4,"15":4,"16":24,"17":7,"18":6,"19":1,"20":5,"21":9,"22":9},"f":{"0":2,"1":2,"2":12,"3":28,"4":7,"5":6,"6":9},"b":{"0":[2,10],"1":[1,9],"2":[4,24],"3":[28,25],"4":[1,5],"5":[6,5],"6":[5,3],"7":[9,6]},"meta":{"lastBranch":8,"lastFunction":7,"lastStatement":23,"seen":{"f:11:16:11:27":0,"s:12:2:12:Infinity":0,"f:20:16:20:27":1,"s:21:2:21:Infinity":1,"f:29:16:29:31":2,"b:30:2:30:Infinity:undefined:undefined:undefined:undefined":0,"s:30:2:30:Infinity":2,"s:30:23:30:Infinity":3,"s:32:2:43:Infinity":4,"s:33:23:33:47":5,"b:35:4:35:Infinity:undefined:undefined:undefined:undefined":1,"s:35:4:35:Infinity":6,"s:35:37:35:Infinity":7,"s:37:18:37:28":8,"s:38:21:38:49":9,"s:39:21:39:65":10,"s:40:4:40:Infinity":11,"s:42:4:42:Infinity":12,"f:51:16:51:27":3,"b:52:2:55:Infinity:undefined:undefined:undefined:undefined":2,"s:52:2:55:Infinity":13,"b:52:6:52:32:52:36:52:57":3,"s:53:4:53:Infinity":14,"s:54:4:54:13":15,"s:56:2:56:Infinity":16,"f:64:16:64:24":4,"s:65:2:65:Infinity":17,"f:73:16:73:23":5,"b:75:2:75:Infinity:undefined:undefined:undefined:undefined":4,"s:75:2:75:Infinity":18,"b:75:6:75:32:75:36:75:57":5,"s:75:59:75:Infinity":19,"s:76:2:76:Infinity":20,"b:76:9:76:25:76:29:76:46":6,"f:84:16:84:23":6,"s:85:14:85:30":21,"s:86:2:86:Infinity":22,"b:86:9:86:17:86:21:86:28":7}}}
,"/Users/adampeterson/Github/shelterluv/services/webapp-react/src/types/dogQuery.js": {"path":"/Users/adampeterson/Github/shelterluv/services/webapp-react/src/types/dogQuery.js","statementMap":{"0":{"start":{"line":30,"column":2},"end":{"line":30,"column":null}},"1":{"start":{"line":34,"column":2},"end":{"line":34,"column":null}},"2":{"start":{"line":38,"column":15},"end":{"line":38,"column":86}},"3":{"start":{"line":39,"column":2},"end":{"line":39,"column":null}},"4":{"start":{"line":39,"column":26},"end":{"line":39,"column":58}},"5":{"start":{"line":44,"column":2},"end":{"line":44,"column":null}},"6":{"start":{"line":49,"column":2},"end":{"line":49,"column":null}},"7":{"start":{"line":53,"column":26},"end":{"line":60,"column":1}},"8":{"start":{"line":54,"column":33},"end":{"line":54,"column":70}},"9":{"start":{"line":55,"column":26},"end":{"line":55,"column":51}},"10":{"start":{"line":56,"column":33},"end":{"line":56,"column":78}},"11":{"start":{"line":56,"column":51},"end":{"line":56,"column":77}},"12":{"start":{"line":57,"column":32},"end":{"line":57,"column":63}},"13":{"start":{"line":58,"column":27},"end":{"line":58,"column":53}},"14":{"start":{"line":59,"column":26},"end":{"line":59,"column":51}},"15":{"start":{"line":63,"column":2},"end":{"line":71,"column":null}},"16":{"start":{"line":65,"column":4},"end":{"line":65,"column":null}},"17":{"start":{"line":65,"column":49},"end":{"line":65,"column":null}},"18":{"start":{"line":66,"column":4},"end":{"line":66,"column":null}},"19":{"start":{"line":66,"column":54},"end":{"line":66,"column":null}},"20":{"start":{"line":69,"column":22},"end":{"line":69,"column":44}},"21":{"start":{"line":70,"column":4},"end":{"line":70,"column":null}},"22":{"start":{"line":81,"column":2},"end":{"line":81,"column":null}},"23":{"start":{"line":81,"column":28},"end":{"line":81,"column":56}},"24":{"start":{"line":91,"column":2},"end":{"line":93,"column":null}},"25":{"start":{"line":92,"column":4},"end":{"line":92,"column":null}},"26":{"start":{"line":95,"column":16},"end":{"line":95,"column":48}},"27":{"start":{"line":96,"column":2},"end":{"line":103,"column":null}},"28":{"start":{"line":97,"column":4},"end":{"line":102,"column":null}},"29":{"start":{"line":115,"column":31},"end":{"line":115,"column":35}},"30":{"start":{"line":116,"column":21},"end":{"line":116,"column":49}},"31":{"start":{"line":118,"column":2},"end":{"line":137,"column":null}},"32":{"start":{"line":119,"column":4},"end":{"line":121,"column":null}},"33":{"start":{"line":120,"column":6},"end":{"line":120,"column":null}},"34":{"start":{"line":123,"column":4},"end":{"line":125,"column":null}},"35":{"start":{"line":124,"column":6},"end":{"line":124,"column":null}},"36":{"start":{"line":127,"column":4},"end":{"line":129,"column":null}},"37":{"start":{"line":128,"column":6},"end":{"line":128,"column":null}},"38":{"start":{"line":131,"column":4},"end":{"line":134,"column":null}},"39":{"start":{"line":133,"column":6},"end":{"line":133,"column":null}},"40":{"start":{"line":136,"column":4},"end":{"line":136,"column":null}}},"fnMap":{"0":{"name":"getAvailability","decl":{"start":{"line":28,"column":9},"end":{"line":28,"column":24}},"loc":{"start":{"line":28,"column":30},"end":{"line":31,"column":null}},"line":28},"1":{"name":"getCaseManager","decl":{"start":{"line":33,"column":9},"end":{"line":33,"column":23}},"loc":{"start":{"line":33,"column":29},"end":{"line":35,"column":null}},"line":33},"2":{"name":"matchesPersonality","decl":{"start":{"line":37,"column":9},"end":{"line":37,"column":27}},"loc":{"start":{"line":37,"column":39},"end":{"line":40,"column":null}},"line":37},"3":{"name":"(anonymous_3)","decl":{"start":{"line":39,"column":19},"end":{"line":39,"column":22}},"loc":{"start":{"line":39,"column":26},"end":{"line":39,"column":58}},"line":39},"4":{"name":"matchesHospice","decl":{"start":{"line":42,"column":9},"end":{"line":42,"column":23}},"loc":{"start":{"line":42,"column":36},"end":{"line":45,"column":null}},"line":42},"5":{"name":"matchesEvents","decl":{"start":{"line":47,"column":9},"end":{"line":47,"column":22}},"loc":{"start":{"line":47,"column":35},"end":{"line":50,"column":null}},"line":47},"6":{"name":"(anonymous_6)","decl":{"start":{"line":54,"column":16},"end":{"line":54,"column":17}},"loc":{"start":{"line":54,"column":33},"end":{"line":54,"column":70}},"line":54},"7":{"name":"(anonymous_7)","decl":{"start":{"line":55,"column":9},"end":{"line":55,"column":10}},"loc":{"start":{"line":55,"column":26},"end":{"line":55,"column":51}},"line":55},"8":{"name":"(anonymous_8)","decl":{"start":{"line":56,"column":16},"end":{"line":56,"column":17}},"loc":{"start":{"line":56,"column":33},"end":{"line":56,"column":78}},"line":56},"9":{"name":"(anonymous_9)","decl":{"start":{"line":56,"column":45},"end":{"line":56,"column":47}},"loc":{"start":{"line":56,"column":51},"end":{"line":56,"column":77}},"line":56},"10":{"name":"(anonymous_10)","decl":{"start":{"line":57,"column":15},"end":{"line":57,"column":16}},"loc":{"start":{"line":57,"column":32},"end":{"line":57,"column":63}},"line":57},"11":{"name":"(anonymous_11)","decl":{"start":{"line":58,"column":11},"end":{"line":58,"column":12}},"loc":{"start":{"line":58,"column":27},"end":{"line":58,"column":53}},"line":58},"12":{"name":"(anonymous_12)","decl":{"start":{"line":59,"column":10},"end":{"line":59,"column":11}},"loc":{"start":{"line":59,"column":26},"end":{"line":59,"column":51}},"line":59},"13":{"name":"matchesFilters","decl":{"start":{"line":62,"column":16},"end":{"line":62,"column":30}},"loc":{"start":{"line":62,"column":45},"end":{"line":72,"column":null}},"line":62},"14":{"name":"(anonymous_14)","decl":{"start":{"line":63,"column":39},"end":{"line":63,"column":40}},"loc":{"start":{"line":63,"column":58},"end":{"line":71,"column":3}},"line":63},"15":{"name":"filterDogs","decl":{"start":{"line":80,"column":16},"end":{"line":80,"column":26}},"loc":{"start":{"line":80,"column":42},"end":{"line":82,"column":null}},"line":80},"16":{"name":"(anonymous_16)","decl":{"start":{"line":81,"column":21},"end":{"line":81,"column":24}},"loc":{"start":{"line":81,"column":28},"end":{"line":81,"column":56}},"line":81},"17":{"name":"searchDogs","decl":{"start":{"line":90,"column":16},"end":{"line":90,"column":26}},"loc":{"start":{"line":90,"column":46},"end":{"line":104,"column":null}},"line":90},"18":{"name":"(anonymous_18)","decl":{"start":{"line":96,"column":21},"end":{"line":96,"column":24}},"loc":{"start":{"line":96,"column":28},"end":{"line":103,"column":3}},"line":96},"19":{"name":"sortDogs","decl":{"start":{"line":114,"column":16},"end":{"line":114,"column":24}},"loc":{"start":{"line":114,"column":37},"end":{"line":138,"column":null}},"line":114},"20":{"name":"(anonymous_20)","decl":{"start":{"line":118,"column":24},"end":{"line":118,"column":25}},"loc":{"start":{"line":118,"column":34},"end":{"line":137,"column":3}},"line":118}},"branchMap":{"0":{"loc":{"start":{"line":30,"column":9},"end":{"line":30,"column":65}},"type":"cond-expr","locations":[{"start":{"line":30,"column":38},"end":{"line":30,"column":49}},{"start":{"line":30,"column":52},"end":{"line":30,"column":65}}],"line":30},"1":{"loc":{"start":{"line":34,"column":9},"end":{"line":34,"column":32}},"type":"binary-expr","locations":[{"start":{"line":34,"column":9},"end":{"line":34,"column":24}},{"start":{"line":34,"column":28},"end":{"line":34,"column":32}}],"line":34},"2":{"loc":{"start":{"line":38,"column":18},"end":{"line":38,"column":44}},"type":"binary-expr","locations":[{"start":{"line":38,"column":18},"end":{"line":38,"column":38}},{"start":{"line":38,"column":42},"end":{"line":38,"column":44}}],"line":38},"3":{"loc":{"start":{"line":38,"column":48},"end":{"line":38,"column":70}},"type":"binary-expr","locations":[{"start":{"line":38,"column":48},"end":{"line":38,"column":64}},{"start":{"line":38,"column":68},"end":{"line":38,"column":70}}],"line":38},"4":{"loc":{"start":{"line":65,"column":4},"end":{"line":65,"column":null}},"type":"if","locations":[{"start":{"line":65,"column":4},"end":{"line":65,"column":null}},{"start":{},"end":{}}],"line":65},"5":{"loc":{"start":{"line":65,"column":8},"end":{"line":65,"column":47}},"type":"binary-expr","locations":[{"start":{"line":65,"column":8},"end":{"line":65,"column":28}},{"start":{"line":65,"column":32},"end":{"line":65,"column":47}}],"line":65},"6":{"loc":{"start":{"line":66,"column":4},"end":{"line":66,"column":null}},"type":"if","locations":[{"start":{"line":66,"column":4},"end":{"line":66,"column":null}},{"start":{},"end":{}}],"line":66},"7":{"loc":{"start":{"line":66,"column":8},"end":{"line":66,"column":52}},"type":"binary-expr","locations":[{"start":{"line":66,"column":8},"end":{"line":66,"column":29}},{"start":{"line":66,"column":33},"end":{"line":66,"column":52}}],"line":66},"8":{"loc":{"start":{"line":70,"column":11},"end":{"line":70,"column":52}},"type":"cond-expr","locations":[{"start":{"line":70,"column":23},"end":{"line":70,"column":45}},{"start":{"line":70,"column":48},"end":{"line":70,"column":52}}],"line":70},"9":{"loc":{"start":{"line":91,"column":2},"end":{"line":93,"column":null}},"type":"if","locations":[{"start":{"line":91,"column":2},"end":{"line":93,"column":null}},{"start":{},"end":{}}],"line":91},"10":{"loc":{"start":{"line":91,"column":6},"end":{"line":91,"column":41}},"type":"binary-expr","locations":[{"start":{"line":91,"column":6},"end":{"line":91,"column":18}},{"start":{"line":91,"column":22},"end":{"line":91,"column":41}}],"line":91},"11":{"loc":{"start":{"line":98,"column":6},"end":{"line":101,"column":null}},"type":"binary-expr","locations":[{"start":{"line":98,"column":6},"end":{"line":98,"column":45}},{"start":{"line":99,"column":6},"end":{"line":99,"column":46}},{"start":{"line":100,"column":6},"end":{"line":100,"column":52}},{"start":{"line":101,"column":6},"end":{"line":101,"column":null}}],"line":98},"12":{"loc":{"start":{"line":116,"column":21},"end":{"line":116,"column":49}},"type":"cond-expr","locations":[{"start":{"line":116,"column":43},"end":{"line":116,"column":44}},{"start":{"line":116,"column":47},"end":{"line":116,"column":49}}],"line":116},"13":{"loc":{"start":{"line":119,"column":4},"end":{"line":121,"column":null}},"type":"if","locations":[{"start":{"line":119,"column":4},"end":{"line":121,"column":null}},{"start":{},"end":{}}],"line":119},"14":{"loc":{"start":{"line":120,"column":27},"end":{"line":120,"column":39}},"type":"binary-expr","locations":[{"start":{"line":120,"column":27},"end":{"line":120,"column":33}},{"start":{"line":120,"column":37},"end":{"line":120,"column":39}}],"line":120},"15":{"loc":{"start":{"line":120,"column":55},"end":{"line":120,"column":67}},"type":"binary-expr","locations":[{"start":{"line":120,"column":55},"end":{"line":120,"column":61}},{"start":{"line":120,"column":65},"end":{"line":120,"column":67}}],"line":120},"16":{"loc":{"start":{"line":123,"column":4},"end":{"line":125,"column":null}},"type":"if","locations":[{"start":{"line":123,"column":4},"end":{"line":125,"column":null}},{"start":{},"end":{}}],"line":123},"17":{"loc":{"start":{"line":127,"column":4},"end":{"line":129,"column":null}},"type":"if","locations":[{"start":{"line":127,"column":4},"end":{"line":129,"column":null}},{"start":{},"end":{}}],"line":127},"18":{"loc":{"start":{"line":131,"column":4},"end":{"line":134,"column":null}},"type":"if","locations":[{"start":{"line":131,"column":4},"end":{"line":134,"column":null}},{"start":{},"end":{}}],"line":131}},"s":{"0":5,"1":4,"2":3,"3":3,"4":3,"5":2,"6":2,"7":1,"8":5,"9":10,"10":4,"11":4,"12":3,"13":2,"14":2,"15":24,"16":26,"17":0,"18":26,"19":0,"20":26,"21":26,"22":2,"23":6,"24":7,"25":2,"26":5,"27":5,"28":15,"29":6,"30":6,"31":6,"32":21,"33":9,"34":12,"35":4,"36":8,"37":4,"38":4,"39":4,"40":0},"f":{"0":5,"1":4,"2":3,"3":3,"4":2,"5":2,"6":5,"7":10,"8":4,"9":4,"10":3,"11":2,"12":2,"13":24,"14":26,"15":2,"16":6,"17":7,"18":15,"19":6,"20":21},"b":{"0":[4,1],"1":[4,1],"2":[3,0],"3":[3,0],"4":[0,26],"5":[26,26],"6":[0,26],"7":[26,22],"8":[26,0],"9":[2,5],"10":[7,6],"11":[15,13,12,10],"12":[4,2],"13":[9,12],"14":[9,0],"15":[9,0],"16":[4,8],"17":[4,4],"18":[4,0]},"meta":{"lastBranch":19,"lastFunction":21,"lastStatement":41,"seen":{"f:28:9:28:24":0,"s:30:2:30:Infinity":0,"b:30:38:30:49:30:52:30:65":0,"f:33:9:33:23":1,"s:34:2:34:Infinity":1,"b:34:9:34:24:34:28:34:32":1,"f:37:9:37:27":2,"s:38:15:38:86":2,"b:38:18:38:38:38:42:38:44":2,"b:38:48:38:64:38:68:38:70":3,"s:39:2:39:Infinity":3,"f:39:19:39:22":3,"s:39:26:39:58":4,"f:42:9:42:23":4,"s:44:2:44:Infinity":5,"f:47:9:47:22":5,"s:49:2:49:Infinity":6,"s:53:26:60:1":7,"f:54:16:54:17":6,"s:54:33:54:70":8,"f:55:9:55:10":7,"s:55:26:55:51":9,"f:56:16:56:17":8,"s:56:33:56:78":10,"f:56:45:56:47":9,"s:56:51:56:77":11,"f:57:15:57:16":10,"s:57:32:57:63":12,"f:58:11:58:12":11,"s:58:27:58:53":13,"f:59:10:59:11":12,"s:59:26:59:51":14,"f:62:16:62:30":13,"s:63:2:71:Infinity":15,"f:63:39:63:40":14,"b:65:4:65:Infinity:undefined:undefined:undefined:undefined":4,"s:65:4:65:Infinity":16,"b:65:8:65:28:65:32:65:47":5,"s:65:49:65:Infinity":17,"b:66:4:66:Infinity:undefined:undefined:undefined:undefined":6,"s:66:4:66:Infinity":18,"b:66:8:66:29:66:33:66:52":7,"s:66:54:66:Infinity":19,"s:69:22:69:44":20,"s:70:4:70:Infinity":21,"b:70:23:70:45:70:48:70:52":8,"f:80:16:80:26":15,"s:81:2:81:Infinity":22,"f:81:21:81:24":16,"s:81:28:81:56":23,"f:90:16:90:26":17,"b:91:2:93:Infinity:undefined:undefined:undefined:undefined":9,"s:91:2:93:Infinity":24,"b:91:6:91:18:91:22:91:41":10,"s:92:4:92:Infinity":25,"s:95:16:95:48":26,"s:96:2:103:Infinity":27,"f:96:21:96:24":18,"s:97:4:102:Infinity":28,"b:98:6:98:45:99:6:99:46:100:6:100:52:101:6:101:Infinity":11,"f:114:16:114:24":19,"s:115:31:115:35":29,"s:116:21:116:49":30,"b:116:43:116:44:116:47:116:49":12,"s:118:2:137:Infinity":31,"f:118:24:118:25":20,"b:119:4:121:Infinity:undefined:undefined:undefined:undefined":13,"s:119:4:121:Infinity":32,"s:120:6:120:Infinity":33,"b:120:27:120:33:120:37:120:39":14,"b:120:55:120:61:120:65:120:67":15,"b:123:4:125:Infinity:undefined:undefined:undefined:undefined":16,"s:123:4:125:Infinity":34,"s:124:6:124:Infinity":35,"b:127:4:129:Infinity:undefined:undefined:undefined:undefined":17,"s:127:4:129:Infinity":36,"s:128:6:128:Infinity":37,"b:131:4:134:Infinity:undefined:undefined:undefined:undefined":18,"s:131:4:134:Infinity":38,"s:133:6:133:Infinity":39,"s:136:4:136:Infinity":40}}}
,"/Users/adampeterson/Github/shelterluv/services/webapp-react/src/types/sharedTypes.js": {"path":"/Users/adampeterson/Github/shelterluv/services/webapp-react/src/types/sharedTypes.js","statementMap":{"0":{"start":{"line":10,"column":28},"end":{"line":18,"column":1}},"1":{"start":{"line":24,"column":37},"end":{"line":28,"column":1}},"2":{"start":{"line":34,"column":31},"end":{"line":41,"column":1}},"3":{"start":{"line":46,"column":28},"end":{"line":49,"column":1}},"4":{"start":{"line":55,"column":21},"end":{"line":59,"column":1}},"5":{"start":{"line":64,"column":33},"end":{"line":68,"column":1}}},"fnMap":{},"branchMap":{},"s":{"0":2,"1":2,"2":2,"3":2,"4":2,"5":2},"f":{},"b":{},"meta":{"lastBranch":0,"lastFunction":0,"lastStatement":6,"seen":{"s:10:28:18:1":0,"s:24:37:28:1":1,"s:34:31:41:1":2,"s:46:28:49:1":3,"s:55:21:59:1":4,"s:64:33:68:1":5}}}
}
